生成启动时间为 2014/9/27  下午 10:59:16。
     1>项目“E:\c++acm\括号配对\括号配对\括号配对.vcxproj”在节点 2 上(build 个目标)。
     1>InitializeBuildStatus:
         正在创建“Debug\括号配对.unsuccessfulbuild”，因为已指定“AlwaysCreate”。
       ClCompile:
         D:\Program Files (x86)\VC\bin\CL.exe /c /ZI /nologo /W3 /WX- /Od /Oy- /D _UNICODE /D UNICODE /Gm /EHsc /RTC1 /MDd /GS /fp:precise /Zc:wchar_t /Zc:forScope /Fo"Debug\\" /Fd"Debug\vc100.pdb" /Gd /TP /analyze- /errorReport:prompt "括号配对.cpp"
         括号配对.cpp
     1>e:\c++acm\括号配对\括号配对\括号配对.cpp(18): warning C4018: “<”: 有符号/无符号不匹配
       Link:
         D:\Program Files (x86)\VC\bin\link.exe /ERRORREPORT:PROMPT /OUT:"E:\c++acm\括号配对\Debug\括号配对.exe" /NOLOGO kernel32.lib user32.lib gdi32.lib winspool.lib comdlg32.lib advapi32.lib shell32.lib ole32.lib oleaut32.lib uuid.lib odbc32.lib odbccp32.lib /MANIFEST /ManifestFile:"Debug\括号配对.exe.intermediate.manifest" /MANIFESTUAC:"level='asInvoker' uiAccess='false'" /DEBUG /PDB:"E:\c++acm\括号配对\Debug\括号配对.pdb" /TLBID:1 /DYNAMICBASE /NXCOMPAT /IMPLIB:"E:\c++acm\括号配对\Debug\括号配对.lib" /MACHINE:X86 "Debug\括号配对.obj"
         LINK : 没有找到 E:\c++acm\括号配对\Debug\括号配对.exe 或上一个增量链接没有生成它；正在执行完全链接
         括号配对.vcxproj -> E:\c++acm\括号配对\Debug\括号配对.exe
       Manifest:
         C:\Program Files (x86)\Microsoft SDKs\Windows\v7.0A\bin\mt.exe /nologo /verbose /outputresource:"E:\c++acm\括号配对\Debug\括号配对.exe;#1" /manifest "Debug\括号配对.exe.intermediate.manifest"
       FinalizeBuildStatus:
         正在删除文件“Debug\括号配对.unsuccessfulbuild”。
         正在对“Debug\括号配对.lastbuildstate”执行 Touch 任务。
     1>已完成生成项目“E:\c++acm\括号配对\括号配对\括号配对.vcxproj”(build 个目标)的操作。

生成成功。

已用时间 00:00:00.90
