生成启动时间为 2013/2/3 地狱天神 5:58:34。
     1>项目“E:\c++文件\用以流类型和返回值的函数打开已命名的文件\用以流类型和返回值的函数打开已命名的文件\用以流类型和返回值的函数打开已命名的文件.vcxproj”在节点 2 上(build 个目标)。
     1>PrepareForBuild:
         正在创建目录“E:\c++文件\用以流类型和返回值的函数打开已命名的文件\Release\”。
       InitializeBuildStatus:
         正在创建“Release\用以流类型和返回值的函数打开已命名的文件.unsuccessfulbuild”，因为已指定“AlwaysCreate”。
       ClCompile:
         D:\Program Files\Microsoft Visual Studio 10.0\VC\bin\CL.exe /c /Zi /nologo /W3 /WX- /O2 /Oi /Oy- /GL /D _UNICODE /D UNICODE /Gm- /EHsc /MD /GS /Gy /fp:precise /Zc:wchar_t /Zc:forScope /Fo"Release\\" /Fd"Release\vc100.pdb" /Gd /TP /analyze- /errorReport:prompt "用以流类型用形参和返回值的函数打开已命名的文件.cpp"
         用以流类型用形参和返回值的函数打开已命名的文件.cpp
       Link:
         D:\Program Files\Microsoft Visual Studio 10.0\VC\bin\link.exe /ERRORREPORT:PROMPT /OUT:"E:\c++文件\用以流类型和返回值的函数打开已命名的文件\Release\用以流类型和返回值的函数打开已命名的文件.exe" /NOLOGO kernel32.lib user32.lib gdi32.lib winspool.lib comdlg32.lib advapi32.lib shell32.lib ole32.lib oleaut32.lib uuid.lib odbc32.lib odbccp32.lib /MANIFEST /ManifestFile:"Release\用以流类型和返回值的函数打开已命名的文件.exe.intermediate.manifest" /MANIFESTUAC:"level='asInvoker' uiAccess='false'" /DEBUG /PDB:"E:\c++文件\用以流类型和返回值的函数打开已命名的文件\Release\用以流类型和返回值的函数打开已命名的文件.pdb" /OPT:REF /OPT:ICF /LTCG /TLBID:1 /DYNAMICBASE /NXCOMPAT /IMPLIB:"E:\c++文件\用以流类型和返回值的函数打开已命名的文件\Release\用以流类型和返回值的函数打开已命名的文件.lib" /MACHINE:X86 "Release\用以流类型用形参和返回值的函数打开已命名的文件.obj"
         正在生成代码
         已完成代码的生成
         用以流类型和返回值的函数打开已命名的文件.vcxproj -> E:\c++文件\用以流类型和返回值的函数打开已命名的文件\Release\用以流类型和返回值的函数打开已命名的文件.exe
       Manifest:
         C:\Program Files\Microsoft SDKs\Windows\v7.0A\bin\mt.exe /nologo /verbose /outputresource:"E:\c++文件\用以流类型和返回值的函数打开已命名的文件\Release\用以流类型和返回值的函数打开已命名的文件.exe;#1" /manifest "Release\用以流类型和返回值的函数打开已命名的文件.exe.intermediate.manifest"
       FinalizeBuildStatus:
         正在删除文件“Release\用以流类型和返回值的函数打开已命名的文件.unsuccessfulbuild”。
         正在对“Release\用以流类型和返回值的函数打开已命名的文件.lastbuildstate”执行 Touch 任务。
     1>已完成生成项目“E:\c++文件\用以流类型和返回值的函数打开已命名的文件\用以流类型和返回值的函数打开已命名的文件\用以流类型和返回值的函数打开已命名的文件.vcxproj”(build 个目标)的操作。

生成成功。

已用时间 00:00:02.03
