生成启动时间为 2013/2/10 地狱天神 7:57:42。
     1>项目“E:\c++文件\10.关联容器\2.9用vector和set建立图书管理机制\用vector和set建立图书管理机制\用vector和set建立图书管理机制.vcxproj”在节点 2 上(build 个目标)。
     1>PrepareForBuild:
         正在创建目录“E:\c++文件\10.关联容器\2.9用vector和set建立图书管理机制\Debug\”。
       InitializeBuildStatus:
         正在创建“Debug\用vector和set建立图书管理机制.unsuccessfulbuild”，因为已指定“AlwaysCreate”。
       ClCompile:
         D:\Program Files\Microsoft Visual Studio 10.0\VC\bin\CL.exe /c /ZI /nologo /W3 /WX- /Od /Oy- /D _UNICODE /D UNICODE /Gm /EHsc /RTC1 /MDd /GS /fp:precise /Zc:wchar_t /Zc:forScope /Fo"Debug\\" /Fd"Debug\vc100.pdb" /Gd /TP /analyze- /errorReport:prompt "用vector和set建立图书管理机制.cpp"
         用vector和set建立图书管理机制.cpp
       Link:
         D:\Program Files\Microsoft Visual Studio 10.0\VC\bin\link.exe /ERRORREPORT:PROMPT /OUT:"E:\c++文件\10.关联容器\2.9用vector和set建立图书管理机制\Debug\用vector和set建立图书管理机制.exe" /NOLOGO kernel32.lib user32.lib gdi32.lib winspool.lib comdlg32.lib advapi32.lib shell32.lib ole32.lib oleaut32.lib uuid.lib odbc32.lib odbccp32.lib /MANIFEST /ManifestFile:"Debug\用vector和set建立图书管理机制.exe.intermediate.manifest" /MANIFESTUAC:"level='asInvoker' uiAccess='false'" /DEBUG /PDB:"E:\c++文件\10.关联容器\2.9用vector和set建立图书管理机制\Debug\用vector和set建立图书管理机制.pdb" /TLBID:1 /DYNAMICBASE /NXCOMPAT /IMPLIB:"E:\c++文件\10.关联容器\2.9用vector和set建立图书管理机制\Debug\用vector和set建立图书管理机制.lib" /MACHINE:X86 "Debug\用vector和set建立图书管理机制.obj"
         用vector和set建立图书管理机制.vcxproj -> E:\c++文件\10.关联容器\2.9用vector和set建立图书管理机制\Debug\用vector和set建立图书管理机制.exe
       Manifest:
         C:\Program Files\Microsoft SDKs\Windows\v7.0A\bin\mt.exe /nologo /verbose /outputresource:"E:\c++文件\10.关联容器\2.9用vector和set建立图书管理机制\Debug\用vector和set建立图书管理机制.exe;#1" /manifest "Debug\用vector和set建立图书管理机制.exe.intermediate.manifest"
       FinalizeBuildStatus:
         正在删除文件“Debug\用vector和set建立图书管理机制.unsuccessfulbuild”。
         正在对“Debug\用vector和set建立图书管理机制.lastbuildstate”执行 Touch 任务。
     1>已完成生成项目“E:\c++文件\10.关联容器\2.9用vector和set建立图书管理机制\用vector和set建立图书管理机制\用vector和set建立图书管理机制.vcxproj”(build 个目标)的操作。

生成成功。

已用时间 00:00:08.52
