生成启动时间为 2013/10/12 13:01:34。
     1>项目“E:\c++files\c++primer\8.标准io库--文件打开\2.3打开文件读入vector中\打开文件读入vector中\打开文件读入vector中.vcxproj”在节点 2 上(build 个目标)。
     1>InitializeBuildStatus:
         正在创建“Debug\打开文件读入vector中.unsuccessfulbuild”，因为已指定“AlwaysCreate”。
       ClCompile:
         D:\Program Files (x86)\VC\bin\CL.exe /c /ZI /nologo /W3 /WX- /Od /Oy- /D _UNICODE /D UNICODE /Gm /EHsc /RTC1 /MDd /GS /fp:precise /Zc:wchar_t /Zc:forScope /Fo"Debug\\" /Fd"Debug\vc100.pdb" /Gd /TP /analyze- /errorReport:prompt "打开文件读入vector中.cpp"
         打开文件读入vector中.cpp
     1>e:\c++files\c++primer\8.标准io库--文件打开\2.3打开文件读入vector中\打开文件读入vector中\打开文件读入vector中.cpp(29): warning C4715: “fileToVector”: 不是所有的控件路径都返回值
       Link:
         D:\Program Files (x86)\VC\bin\link.exe /ERRORREPORT:PROMPT /OUT:"E:\c++files\c++primer\8.标准io库--文件打开\2.3打开文件读入vector中\Debug\打开文件读入vector中.exe" /NOLOGO kernel32.lib user32.lib gdi32.lib winspool.lib comdlg32.lib advapi32.lib shell32.lib ole32.lib oleaut32.lib uuid.lib odbc32.lib odbccp32.lib /MANIFEST /ManifestFile:"Debug\打开文件读入vector中.exe.intermediate.manifest" /MANIFESTUAC:"level='asInvoker' uiAccess='false'" /DEBUG /PDB:"E:\c++files\c++primer\8.标准io库--文件打开\2.3打开文件读入vector中\Debug\打开文件读入vector中.pdb" /TLBID:1 /DYNAMICBASE /NXCOMPAT /IMPLIB:"E:\c++files\c++primer\8.标准io库--文件打开\2.3打开文件读入vector中\Debug\打开文件读入vector中.lib" /MACHINE:X86 "Debug\打开文件读入vector中.obj"
         LINK : 没有找到 E:\c++files\c++primer\8.标准io库--文件打开\2.3打开文件读入vector中\Debug\打开文件读入vector中.exe 或上一个增量链接没有生成它；正在执行完全链接
         打开文件读入vector中.vcxproj -> E:\c++files\c++primer\8.标准io库--文件打开\2.3打开文件读入vector中\Debug\打开文件读入vector中.exe
       Manifest:
         C:\Program Files (x86)\Microsoft SDKs\Windows\v7.0A\bin\mt.exe /nologo /verbose /outputresource:"E:\c++files\c++primer\8.标准io库--文件打开\2.3打开文件读入vector中\Debug\打开文件读入vector中.exe;#1" /manifest "Debug\打开文件读入vector中.exe.intermediate.manifest"
       FinalizeBuildStatus:
         正在删除文件“Debug\打开文件读入vector中.unsuccessfulbuild”。
         正在对“Debug\打开文件读入vector中.lastbuildstate”执行 Touch 任务。
     1>已完成生成项目“E:\c++files\c++primer\8.标准io库--文件打开\2.3打开文件读入vector中\打开文件读入vector中\打开文件读入vector中.vcxproj”(build 个目标)的操作。

生成成功。

已用时间 00:00:02.82
