生成启动时间为 2014/8/5  上午 11:45:03。
     1>项目“E:\c++acm\蜗牛\蜗牛\蜗牛.vcxproj”在节点 2 上(build 个目标)。
     1>PrepareForBuild:
         正在创建目录“E:\c++acm\蜗牛\Debug\”。
       InitializeBuildStatus:
         正在创建“Debug\蜗牛.unsuccessfulbuild”，因为已指定“AlwaysCreate”。
       ClCompile:
         D:\Program Files (x86)\VC\bin\CL.exe /c /ZI /nologo /W3 /WX- /Od /Oy- /D _UNICODE /D UNICODE /Gm /EHsc /RTC1 /MDd /GS /fp:precise /Zc:wchar_t /Zc:forScope /Fo"Debug\\" /Fd"Debug\vc100.pdb" /Gd /TP /analyze- /errorReport:prompt "蜗牛.cpp"
         蜗牛.cpp
       Link:
         D:\Program Files (x86)\VC\bin\link.exe /ERRORREPORT:PROMPT /OUT:"E:\c++acm\蜗牛\Debug\蜗牛.exe" /NOLOGO kernel32.lib user32.lib gdi32.lib winspool.lib comdlg32.lib advapi32.lib shell32.lib ole32.lib oleaut32.lib uuid.lib odbc32.lib odbccp32.lib /MANIFEST /ManifestFile:"Debug\蜗牛.exe.intermediate.manifest" /MANIFESTUAC:"level='asInvoker' uiAccess='false'" /DEBUG /PDB:"E:\c++acm\蜗牛\Debug\蜗牛.pdb" /TLBID:1 /DYNAMICBASE /NXCOMPAT /IMPLIB:"E:\c++acm\蜗牛\Debug\蜗牛.lib" /MACHINE:X86 "Debug\蜗牛.obj"
         蜗牛.vcxproj -> E:\c++acm\蜗牛\Debug\蜗牛.exe
       Manifest:
         C:\Program Files (x86)\Microsoft SDKs\Windows\v7.0A\bin\mt.exe /nologo /verbose /outputresource:"E:\c++acm\蜗牛\Debug\蜗牛.exe;#1" /manifest "Debug\蜗牛.exe.intermediate.manifest"
       FinalizeBuildStatus:
         正在删除文件“Debug\蜗牛.unsuccessfulbuild”。
         正在对“Debug\蜗牛.lastbuildstate”执行 Touch 任务。
     1>已完成生成项目“E:\c++acm\蜗牛\蜗牛\蜗牛.vcxproj”(build 个目标)的操作。

生成成功。

已用时间 00:00:02.34
