生成启动时间为 2013/1/24 地狱天神 9:55:58。
     1>项目“E:\c++文件\将容器中的相邻整数求和输出\将容器中的相邻整数求和输出\将容器中的相邻整数求和输出.vcxproj”在节点 2 上(build 个目标)。
     1>PrepareForBuild:
         正在创建目录“E:\c++文件\将容器中的相邻整数求和输出\Debug\”。
       InitializeBuildStatus:
         正在创建“Debug\将容器中的相邻整数求和输出.unsuccessfulbuild”，因为已指定“AlwaysCreate”。
       ClCompile:
         D:\Program Files\Microsoft Visual Studio 10.0\VC\bin\CL.exe /c /ZI /nologo /W3 /WX- /Od /Oy- /D _UNICODE /D UNICODE /Gm /EHsc /RTC1 /MDd /GS /fp:precise /Zc:wchar_t /Zc:forScope /Fo"Debug\\" /Fd"Debug\vc100.pdb" /Gd /TP /analyze- /errorReport:prompt "容器.cpp"
         容器.cpp
       Link:
         D:\Program Files\Microsoft Visual Studio 10.0\VC\bin\link.exe /ERRORREPORT:PROMPT /OUT:"E:\c++文件\将容器中的相邻整数求和输出\Debug\将容器中的相邻整数求和输出.exe" /NOLOGO kernel32.lib user32.lib gdi32.lib winspool.lib comdlg32.lib advapi32.lib shell32.lib ole32.lib oleaut32.lib uuid.lib odbc32.lib odbccp32.lib /MANIFEST /ManifestFile:"Debug\将容器中的相邻整数求和输出.exe.intermediate.manifest" /MANIFESTUAC:"level='asInvoker' uiAccess='false'" /DEBUG /PDB:"E:\c++文件\将容器中的相邻整数求和输出\Debug\将容器中的相邻整数求和输出.pdb" /TLBID:1 /DYNAMICBASE /NXCOMPAT /IMPLIB:"E:\c++文件\将容器中的相邻整数求和输出\Debug\将容器中的相邻整数求和输出.lib" /MACHINE:X86 "Debug\容器.obj"
         将容器中的相邻整数求和输出.vcxproj -> E:\c++文件\将容器中的相邻整数求和输出\Debug\将容器中的相邻整数求和输出.exe
       Manifest:
         C:\Program Files\Microsoft SDKs\Windows\v7.0A\bin\mt.exe /nologo /verbose /outputresource:"E:\c++文件\将容器中的相邻整数求和输出\Debug\将容器中的相邻整数求和输出.exe;#1" /manifest "Debug\将容器中的相邻整数求和输出.exe.intermediate.manifest"
       FinalizeBuildStatus:
         正在删除文件“Debug\将容器中的相邻整数求和输出.unsuccessfulbuild”。
         正在对“Debug\将容器中的相邻整数求和输出.lastbuildstate”执行 Touch 任务。
     1>已完成生成项目“E:\c++文件\将容器中的相邻整数求和输出\将容器中的相邻整数求和输出\将容器中的相邻整数求和输出.vcxproj”(build 个目标)的操作。

生成成功。

已用时间 00:00:04.21
