生成启动时间为 2013/2/13 地狱天神 6:34:33。
     1>项目“E:\c++文件\accumulate函数计算总和\accumulate函数计算总和\accumulate函数计算总和.vcxproj”在节点 2 上(build 个目标)。
     1>PrepareForBuild:
         正在创建目录“E:\c++文件\accumulate函数计算总和\Debug\”。
       InitializeBuildStatus:
         正在创建“Debug\accumulate函数计算总和.unsuccessfulbuild”，因为已指定“AlwaysCreate”。
       ClCompile:
         D:\Program Files\Microsoft Visual Studio 10.0\VC\bin\CL.exe /c /ZI /nologo /W3 /WX- /Od /Oy- /D _UNICODE /D UNICODE /Gm /EHsc /RTC1 /MDd /GS /fp:precise /Zc:wchar_t /Zc:forScope /Fo"Debug\\" /Fd"Debug\vc100.pdb" /Gd /TP /analyze- /errorReport:prompt "accumulate函数计算总和.cpp"
         accumulate函数计算总和.cpp
       Link:
         D:\Program Files\Microsoft Visual Studio 10.0\VC\bin\link.exe /ERRORREPORT:PROMPT /OUT:"E:\c++文件\accumulate函数计算总和\Debug\accumulate函数计算总和.exe" /NOLOGO kernel32.lib user32.lib gdi32.lib winspool.lib comdlg32.lib advapi32.lib shell32.lib ole32.lib oleaut32.lib uuid.lib odbc32.lib odbccp32.lib /MANIFEST /ManifestFile:"Debug\accumulate函数计算总和.exe.intermediate.manifest" /MANIFESTUAC:"level='asInvoker' uiAccess='false'" /DEBUG /PDB:"E:\c++文件\accumulate函数计算总和\Debug\accumulate函数计算总和.pdb" /TLBID:1 /DYNAMICBASE /NXCOMPAT /IMPLIB:"E:\c++文件\accumulate函数计算总和\Debug\accumulate函数计算总和.lib" /MACHINE:X86 "Debug\accumulate函数计算总和.obj"
         accumulate函数计算总和.vcxproj -> E:\c++文件\accumulate函数计算总和\Debug\accumulate函数计算总和.exe
       Manifest:
         C:\Program Files\Microsoft SDKs\Windows\v7.0A\bin\mt.exe /nologo /verbose /outputresource:"E:\c++文件\accumulate函数计算总和\Debug\accumulate函数计算总和.exe;#1" /manifest "Debug\accumulate函数计算总和.exe.intermediate.manifest"
       FinalizeBuildStatus:
         正在删除文件“Debug\accumulate函数计算总和.unsuccessfulbuild”。
         正在对“Debug\accumulate函数计算总和.lastbuildstate”执行 Touch 任务。
     1>已完成生成项目“E:\c++文件\accumulate函数计算总和\accumulate函数计算总和\accumulate函数计算总和.vcxproj”(build 个目标)的操作。

生成成功。

已用时间 00:00:01.71
